<?xml version="1.0" encoding="UTF-8"?>
<!-- Generated by org.testng.reporters.JUnitXMLReporter -->
<testsuite hostname="DESKTOP-Q71IO9G" ignored="2" name="Home Loan" tests="13" failures="0" timestamp="13 Aug 2018 19:39:42 GMT" time="0.069" errors="0">
  <testcase name="Day3Test1" time="0.0" classname="dm.day3"/>
  <testcase name="Day3Test2" time="0.0" classname="dm.day3"/>
  <testcase name="MoDay4Test1" time="0.01" classname="dm.day4"/>
  <testcase name="MoDay4Test2" time="0.0" classname="dm.day4"/>
  <testcase name="MoDay5Test1" time="0.01" classname="dm.day5"/>
  <testcase name="MoDay5Test2" time="0.0" classname="dm.day5"/>
  <testcase name="PoDay5Test3" time="0.002" classname="dm.day5"/>
  <testcase name="Sachith" time="0.0" classname="dm.day6"/>
  <testcase name="Doll" time="0.007" classname="dm.day6"/>
  <testcase name="Chapa" time="0.0" classname="dm.day6"/>
  <testcase name="Day7Test1" time="0.009" classname="dm.day7"/>
  <testcase name="Day7Test1" time="0.0" classname="dm.day7"/>
  <testcase name="Day7Test1" time="0.0" classname="dm.day7"/>
  <testcase name="PoDay4Test3" time="0.0" classname="dm.day4">
    <ignored/>
  </testcase> <!-- PoDay4Test3 -->
  <testcase name="Day3Test3" time="0.0" classname="dm.day3">
    <ignored/>
  </testcase> <!-- Day3Test3 -->
</testsuite> <!-- Home Loan -->
