<?xml version="1.0" encoding="UTF-8"?>
<!-- Generated by org.testng.reporters.JUnitXMLReporter -->
<testsuite hostname="DESKTOP-Q71IO9G" ignored="1" name="Personal Loan" tests="7" failures="0" timestamp="13 Aug 2018 19:39:42 GMT" time="0.106" errors="0">
  <testcase name="Day1Test1" time="0.008" classname="dm.day1"/>
  <testcase name="Day1Test2" time="0.001" classname="dm.day1"/>
  <testcase name="Day2Test1" time="0.003" classname="dm.day2"/>
  <testcase name="Day2Test3" time="0.018" classname="dm.day2"/>
  <testcase name="Day3Test1" time="0.002" classname="dm.day3"/>
  <testcase name="Day3Test2" time="0.002" classname="dm.day3"/>
  <testcase name="Day3Test3" time="0.002" classname="dm.day3"/>
  <testcase name="Day2Test2" time="0.0" classname="dm.day2">
    <ignored/>
  </testcase> <!-- Day2Test2 -->
</testsuite> <!-- Personal Loan -->
