<?xml version="1.0" encoding="UTF-8"?>
<testng-results skipped="0" failed="0" ignored="3" total="23" passed="20">
  <reporter-output>
  </reporter-output>
  <suite name="Loan Department" duration-ms="230" started-at="2018-08-13T19:39:42Z" finished-at="2018-08-13T19:39:42Z">
    <groups>
      <group name="Smoke">
        <method signature="day1.Day1Test2()[pri:0, instance:dm.day1@1753acfe]" name="Day1Test2" class="dm.day1"/>
        <method signature="day2.Day2Test1()[pri:0, instance:dm.day2@7c16905e]" name="Day2Test1" class="dm.day2"/>
        <method signature="day3.Day3Test2()[pri:0, instance:dm.day3@548a9f61]" name="Day3Test2" class="dm.day3"/>
        <method signature="day3.Day3Test2()[pri:0, instance:dm.day3@6f7fd0e6]" name="Day3Test2" class="dm.day3"/>
      </group> <!-- Smoke -->
    </groups>
    <test name="Personal Loan" duration-ms="106" started-at="2018-08-13T19:39:42Z" finished-at="2018-08-13T19:39:42Z">
      <class name="dm.day3">
        <test-method status="PASS" signature="Day3Test4()[pri:0, instance:dm.day3@548a9f61]" name="Day3Test4" is-config="true" duration-ms="0" started-at="2018-08-13T19:39:42Z" finished-at="2018-08-13T19:39:42Z">
          <reporter-output>
          </reporter-output>
        </test-method> <!-- Day3Test4 -->
        <test-method status="PASS" signature="Day3Test1()[pri:0, instance:dm.day3@548a9f61]" name="Day3Test1" duration-ms="2" started-at="2018-08-13T19:39:42Z" finished-at="2018-08-13T19:39:42Z">
          <reporter-output>
          </reporter-output>
        </test-method> <!-- Day3Test1 -->
        <test-method status="PASS" signature="Day3Test2()[pri:0, instance:dm.day3@548a9f61]" name="Day3Test2" duration-ms="2" started-at="2018-08-13T19:39:42Z" finished-at="2018-08-13T19:39:42Z">
          <reporter-output>
          </reporter-output>
        </test-method> <!-- Day3Test2 -->
        <test-method status="PASS" signature="Day3Test3()[pri:0, instance:dm.day3@548a9f61]" name="Day3Test3" duration-ms="2" started-at="2018-08-13T19:39:42Z" finished-at="2018-08-13T19:39:42Z">
          <reporter-output>
          </reporter-output>
        </test-method> <!-- Day3Test3 -->
      </class> <!-- dm.day3 -->
      <class name="dm.day1">
        <test-method status="PASS" signature="Day1Test3()[pri:0, instance:dm.day1@1753acfe]" name="Day1Test3" is-config="true" duration-ms="0" started-at="2018-08-13T19:39:42Z" finished-at="2018-08-13T19:39:42Z">
          <reporter-output>
          </reporter-output>
        </test-method> <!-- Day1Test3 -->
        <test-method status="PASS" signature="Day1Test1(java.lang.String, java.lang.String)[pri:0, instance:dm.day1@1753acfe]" name="Day1Test1" duration-ms="8" started-at="2018-08-13T19:39:42Z" finished-at="2018-08-13T19:39:42Z">
          <params>
            <param index="0">
              <value>
                <![CDATA[www.cricinfo.com]]>
              </value>
            </param>
            <param index="1">
              <value>
                <![CDATA[www.mit.com]]>
              </value>
            </param>
          </params>
          <reporter-output>
          </reporter-output>
        </test-method> <!-- Day1Test1 -->
        <test-method status="PASS" signature="Day1Test4()[pri:0, instance:dm.day1@1753acfe]" name="Day1Test4" is-config="true" duration-ms="0" started-at="2018-08-13T19:39:42Z" finished-at="2018-08-13T19:39:42Z">
          <reporter-output>
          </reporter-output>
        </test-method> <!-- Day1Test4 -->
        <test-method status="PASS" signature="Day1Test2()[pri:0, instance:dm.day1@1753acfe]" name="Day1Test2" duration-ms="1" started-at="2018-08-13T19:39:42Z" finished-at="2018-08-13T19:39:42Z">
          <reporter-output>
          </reporter-output>
        </test-method> <!-- Day1Test2 -->
        <test-method status="PASS" signature="Day1Test3()[pri:0, instance:dm.day1@1753acfe]" name="Day1Test3" is-config="true" duration-ms="0" started-at="2018-08-13T19:39:42Z" finished-at="2018-08-13T19:39:42Z">
          <reporter-output>
          </reporter-output>
        </test-method> <!-- Day1Test3 -->
        <test-method status="PASS" signature="Day1Test4()[pri:0, instance:dm.day1@1753acfe]" name="Day1Test4" is-config="true" duration-ms="4" started-at="2018-08-13T19:39:42Z" finished-at="2018-08-13T19:39:42Z">
          <reporter-output>
          </reporter-output>
        </test-method> <!-- Day1Test4 -->
      </class> <!-- dm.day1 -->
      <class name="dm.day2">
        <test-method status="PASS" signature="Day2Test1()[pri:0, instance:dm.day2@7c16905e]" name="Day2Test1" duration-ms="3" started-at="2018-08-13T19:39:42Z" finished-at="2018-08-13T19:39:42Z">
          <reporter-output>
          </reporter-output>
        </test-method> <!-- Day2Test1 -->
        <test-method status="PASS" signature="Day2Test3()[pri:0, instance:dm.day2@7c16905e]" name="Day2Test3" duration-ms="18" started-at="2018-08-13T19:39:42Z" finished-at="2018-08-13T19:39:42Z">
          <reporter-output>
          </reporter-output>
        </test-method> <!-- Day2Test3 -->
      </class> <!-- dm.day2 -->
    </test> <!-- Personal Loan -->
    <test name="Home Loan" duration-ms="69" started-at="2018-08-13T19:39:42Z" finished-at="2018-08-13T19:39:42Z">
      <class name="dm.day7">
        <test-method status="PASS" signature="Day7Test1(java.lang.String, java.lang.String)[pri:0, instance:dm.day7@42d80b78]" name="Day7Test1" duration-ms="9" started-at="2018-08-13T19:39:42Z" data-provider="getData" finished-at="2018-08-13T19:39:42Z">
          <params>
            <param index="0">
              <value>
                <![CDATA[uname1]]>
              </value>
            </param>
            <param index="1">
              <value>
                <![CDATA[pass1]]>
              </value>
            </param>
          </params>
          <reporter-output>
          </reporter-output>
        </test-method> <!-- Day7Test1 -->
        <test-method status="PASS" signature="Day7Test1(java.lang.String, java.lang.String)[pri:0, instance:dm.day7@42d80b78]" name="Day7Test1" duration-ms="0" started-at="2018-08-13T19:39:42Z" data-provider="getData" finished-at="2018-08-13T19:39:42Z">
          <params>
            <param index="0">
              <value>
                <![CDATA[uname2]]>
              </value>
            </param>
            <param index="1">
              <value>
                <![CDATA[pass2]]>
              </value>
            </param>
          </params>
          <reporter-output>
          </reporter-output>
        </test-method> <!-- Day7Test1 -->
        <test-method status="PASS" signature="Day7Test1(java.lang.String, java.lang.String)[pri:0, instance:dm.day7@42d80b78]" name="Day7Test1" duration-ms="0" started-at="2018-08-13T19:39:42Z" data-provider="getData" finished-at="2018-08-13T19:39:42Z">
          <params>
            <param index="0">
              <value>
                <![CDATA[uname3]]>
              </value>
            </param>
            <param index="1">
              <value>
                <![CDATA[pass3]]>
              </value>
            </param>
          </params>
          <reporter-output>
          </reporter-output>
        </test-method> <!-- Day7Test1 -->
      </class> <!-- dm.day7 -->
      <class name="dm.day5">
        <test-method status="PASS" signature="PoDay5Test4()[pri:0, instance:dm.day5@27efef64]" name="PoDay5Test4" is-config="true" duration-ms="10" started-at="2018-08-13T19:39:42Z" finished-at="2018-08-13T19:39:42Z">
          <reporter-output>
          </reporter-output>
        </test-method> <!-- PoDay5Test4 -->
        <test-method status="PASS" signature="MoDay5Test1()[pri:0, instance:dm.day5@27efef64]" name="MoDay5Test1" duration-ms="10" started-at="2018-08-13T19:39:42Z" finished-at="2018-08-13T19:39:42Z">
          <reporter-output>
          </reporter-output>
        </test-method> <!-- MoDay5Test1 -->
        <test-method status="PASS" signature="MoDay5Test2()[pri:0, instance:dm.day5@27efef64]" name="MoDay5Test2" duration-ms="0" started-at="2018-08-13T19:39:42Z" finished-at="2018-08-13T19:39:42Z">
          <reporter-output>
          </reporter-output>
        </test-method> <!-- MoDay5Test2 -->
        <test-method status="PASS" signature="PoDay5Test3()[pri:0, instance:dm.day5@27efef64]" name="PoDay5Test3" duration-ms="2" started-at="2018-08-13T19:39:42Z" finished-at="2018-08-13T19:39:42Z">
          <reporter-output>
          </reporter-output>
        </test-method> <!-- PoDay5Test3 -->
        <test-method status="PASS" signature="PoDay5Test5()[pri:0, instance:dm.day5@27efef64]" name="PoDay5Test5" is-config="true" duration-ms="0" started-at="2018-08-13T19:39:42Z" finished-at="2018-08-13T19:39:42Z">
          <reporter-output>
          </reporter-output>
        </test-method> <!-- PoDay5Test5 -->
      </class> <!-- dm.day5 -->
      <class name="dm.day6">
        <test-method status="PASS" signature="Sachith()[pri:0, instance:dm.day6@3e6fa38a]" name="Sachith" duration-ms="0" started-at="2018-08-13T19:39:42Z" finished-at="2018-08-13T19:39:42Z">
          <reporter-output>
          </reporter-output>
        </test-method> <!-- Sachith -->
        <test-method status="PASS" signature="Doll()[pri:0, instance:dm.day6@3e6fa38a]" name="Doll" duration-ms="7" started-at="2018-08-13T19:39:42Z" finished-at="2018-08-13T19:39:42Z">
          <reporter-output>
          </reporter-output>
        </test-method> <!-- Doll -->
        <test-method status="PASS" signature="Chapa()[pri:0, instance:dm.day6@3e6fa38a]" name="Chapa" duration-ms="0" started-at="2018-08-13T19:39:42Z" depends-on-methods="dm.day6.Sachith" finished-at="2018-08-13T19:39:42Z">
          <reporter-output>
          </reporter-output>
        </test-method> <!-- Chapa -->
      </class> <!-- dm.day6 -->
      <class name="dm.day3">
        <test-method status="PASS" signature="Day3Test4()[pri:0, instance:dm.day3@6f7fd0e6]" name="Day3Test4" is-config="true" duration-ms="0" started-at="2018-08-13T19:39:42Z" finished-at="2018-08-13T19:39:42Z">
          <reporter-output>
          </reporter-output>
        </test-method> <!-- Day3Test4 -->
        <test-method status="PASS" signature="Day3Test2()[pri:0, instance:dm.day3@6f7fd0e6]" name="Day3Test2" duration-ms="0" started-at="2018-08-13T19:39:42Z" finished-at="2018-08-13T19:39:42Z">
          <reporter-output>
          </reporter-output>
        </test-method> <!-- Day3Test2 -->
        <test-method status="PASS" signature="Day3Test1()[pri:0, instance:dm.day3@6f7fd0e6]" name="Day3Test1" duration-ms="0" started-at="2018-08-13T19:39:42Z" finished-at="2018-08-13T19:39:42Z">
          <reporter-output>
          </reporter-output>
        </test-method> <!-- Day3Test1 -->
      </class> <!-- dm.day3 -->
      <class name="dm.day4">
        <test-method status="PASS" signature="MoDay4Test1()[pri:0, instance:dm.day4@47c62251]" name="MoDay4Test1" duration-ms="10" started-at="2018-08-13T19:39:42Z" finished-at="2018-08-13T19:39:42Z">
          <reporter-output>
          </reporter-output>
        </test-method> <!-- MoDay4Test1 -->
        <test-method status="PASS" signature="MoDay4Test2()[pri:0, instance:dm.day4@47c62251]" name="MoDay4Test2" duration-ms="0" started-at="2018-08-13T19:39:42Z" finished-at="2018-08-13T19:39:42Z">
          <reporter-output>
          </reporter-output>
        </test-method> <!-- MoDay4Test2 -->
      </class> <!-- dm.day4 -->
    </test> <!-- Home Loan -->
  </suite> <!-- Loan Department -->
</testng-results>
